<?xml version="1.0" encoding="UTF-8"?>
<!-- Generated by org.testng.reporters.JUnitReportReporter -->
<testsuite hostname="Raki" failures="0" tests="1" name="Amzonjaga" time="4.165" errors="0" timestamp="2025-07-04T18:56:56 IST" skipped="0">
  <testcase classname="Amzonjaga" name="Testcaseone" time="4.165"/>
</testsuite> <!-- Amzonjaga -->
