<?xml version="1.0" encoding="UTF-8"?>
<!-- Generated by org.testng.reporters.JUnitReportReporter -->
<testsuite hostname="Raki" failures="0" tests="4" name="Orangehrm" time="10.317" errors="0" timestamp="2025-06-27T16:59:52 IST" skipped="0">
  <testcase classname="Orangehrm" name="TestCaseOne" time="1.560"/>
  <testcase classname="Orangehrm" name="TestCaseTwoAdminPAge" time="1.427"/>
  <testcase classname="Orangehrm" name="TestCaseThree" time="2.631"/>
  <testcase classname="Orangehrm" name="TestCaseFour" time="4.699"/>
</testsuite> <!-- Orangehrm -->
