<?xml version="1.0" encoding="UTF-8"?>
<!-- Generated by org.testng.reporters.JUnitReportReporter -->
<testsuite hostname="Raki" failures="0" tests="1" name="Jagadeesh.AssignmentNine" time="0.007" errors="0" timestamp="2025-07-08T17:55:14 IST" skipped="0">
  <testcase classname="Jagadeesh.AssignmentNine" name="TestCaseone" time="0.007"/>
</testsuite> <!-- Jagadeesh.AssignmentNine -->
