<?xml version="1.0" encoding="UTF-8"?>
<!-- Generated by org.testng.reporters.JUnitReportReporter -->
<testsuite hostname="Raki" failures="0" tests="1" name="Rahulshetty" time="19.043" errors="0" timestamp="2025-07-09T19:30:00 IST" skipped="0">
  <testcase classname="Rahulshetty" name="rahulshetty" time="19.043"/>
</testsuite> <!-- Rahulshetty -->
