<?xml version="1.0" encoding="UTF-8"?>
<!-- Generated by org.testng.reporters.JUnitReportReporter -->
<testsuite hostname="Raki" failures="0" tests="3" name="Orangehrmjob" time="5.839" errors="0" timestamp="2025-07-01T11:01:46 IST" skipped="0">
  <testcase classname="Orangehrmjob" name="Jobtitle" time="0.483"/>
  <testcase classname="Orangehrmjob" name="Job" time="1.644"/>
  <testcase classname="Orangehrmjob" name="AdminPage" time="3.712"/>
</testsuite> <!-- Orangehrmjob -->
