<?xml version="1.0" encoding="UTF-8"?>
<!-- Generated by org.testng.reporters.JUnitReportReporter -->
<testsuite hostname="Raki" failures="0" tests="1" name="Rahuldropdownandsuggestion" time="2.325" errors="0" timestamp="2025-07-01T16:54:20 IST" skipped="0">
  <testcase classname="Rahuldropdownandsuggestion" name="handleAutoSuggestionBox" time="2.325"/>
</testsuite> <!-- Rahuldropdownandsuggestion -->
