<?xml version="1.0" encoding="UTF-8"?>
<!-- Generated by org.testng.reporters.JUnitReportReporter -->
<testsuite hostname="Raki" failures="0" tests="2" name="Htmltabletag" time="0.741" errors="0" timestamp="2025-07-01T15:42:34 IST" skipped="0">
  <testcase classname="Htmltabletag" name="HtmlTableTag" time="0.332"/>
  <testcase classname="Htmltabletag" name="Amount" time="0.409"/>
</testsuite> <!-- Htmltabletag -->
