<?xml version="1.0" encoding="UTF-8"?>
<!-- Generated by org.testng.reporters.JUnitReportReporter -->
<testsuite hostname="Raki" failures="0" tests="1" name="Rahuldropdownandsuggestion" time="2.482" errors="0" timestamp="2025-07-02T15:36:07 IST" skipped="0">
  <testcase classname="Rahuldropdownandsuggestion" name="handleAutoSuggestionBox" time="2.482"/>
</testsuite> <!-- Rahuldropdownandsuggestion -->
