<?xml version="1.0" encoding="UTF-8"?>
<!-- Generated by org.testng.reporters.JUnitReportReporter -->
<testsuite hostname="Raki" failures="0" tests="1" name="Mousehover" time="0.295" errors="0" timestamp="2025-07-03T18:24:01 IST" skipped="0">
  <testcase classname="Mousehover" name="TestCaseOne" time="0.295"/>
</testsuite> <!-- Mousehover -->
