<?xml version="1.0" encoding="UTF-8"?>
<!-- Generated by org.testng.reporters.JUnitReportReporter -->
<testsuite hostname="Raki" failures="0" tests="4" name="Assignment11" time="13.474" errors="0" timestamp="2025-07-10T14:17:10 IST" skipped="0">
  <testcase classname="Assignment11" name="TestCaseOne" time="6.083"/>
  <testcase classname="Assignment11" name="TestCaseTwo" time="4.116"/>
  <testcase classname="Assignment11" name="Test" time="2.714"/>
  <testcase classname="Assignment11" name="test" time="0.561"/>
</testsuite> <!-- Assignment11 -->
