<?xml version="1.0" encoding="UTF-8"?>
<!-- Generated by org.testng.reporters.JUnitReportReporter -->
<testsuite hostname="Raki" failures="0" tests="4" name="Assignment10" time="15.018" errors="0" timestamp="2025-07-08T15:28:44 IST" skipped="0">
  <testcase classname="Assignment10" name="TestCaseone" time="5.398"/>
  <testcase classname="Assignment10" name="TestCaseTwo" time="4.822"/>
  <testcase classname="Assignment10" name="TestcaseThree" time="4.274"/>
  <testcase classname="Assignment10" name="TestcaseFour" time="0.524"/>
</testsuite> <!-- Assignment10 -->
