<?xml version="1.0" encoding="UTF-8"?>
<!-- Generated by org.testng.reporters.JUnitReportReporter -->
<testsuite hostname="Raki" failures="0" tests="3" name="Jagadeesh.AssignmentEight" time="0.826" errors="0" timestamp="2025-07-08T17:25:54 IST" skipped="0">
  <testcase classname="Jagadeesh.AssignmentEight" name="TestCaseOne" time="0.308"/>
  <testcase classname="Jagadeesh.AssignmentEight" name="TestCaseTwo" time="0.261"/>
  <testcase classname="Jagadeesh.AssignmentEight" name="TestCaseThree" time="0.257"/>
</testsuite> <!-- Jagadeesh.AssignmentEight -->
