<?xml version="1.0" encoding="UTF-8"?>
<!-- Generated by org.testng.reporters.JUnitReportReporter -->
<testsuite hostname="Raki" failures="0" tests="3" name="Assignment8" time="0.700" errors="0" timestamp="2025-07-08T14:31:06 IST" skipped="0">
  <testcase classname="Assignment8" name="TestCaseone" time="0.287"/>
  <testcase classname="Assignment8" name="TestCaseTwo" time="0.232"/>
  <testcase classname="Assignment8" name="TestCasethree" time="0.181"/>
</testsuite> <!-- Assignment8 -->
