<?xml version="1.0" encoding="UTF-8"?>
<!-- Generated by org.testng.reporters.JUnitReportReporter -->
<testsuite hostname="Raki" failures="0" tests="4" name="Orangehrm" time="10.827" errors="0" timestamp="2025-07-04T14:52:42 IST" skipped="0">
  <testcase classname="Orangehrm" name="TestCaseOne" time="0.495"/>
  <testcase classname="Orangehrm" name="TestCaseTwoAdminPAge" time="2.881"/>
  <testcase classname="Orangehrm" name="TestCaseThree" time="2.875"/>
  <testcase classname="Orangehrm" name="TestCaseFour" time="4.576"/>
</testsuite> <!-- Orangehrm -->
