<?xml version="1.0" encoding="UTF-8"?>
<!-- Generated by org.testng.reporters.JUnitReportReporter -->
<testsuite hostname="Raki" failures="0" tests="3" name="Assignment9" time="0.784" errors="0" timestamp="2025-07-08T15:45:51 IST" skipped="0">
  <testcase classname="Assignment9" name="TestCase3" time="0.189"/>
  <testcase classname="Assignment9" name="TestCase2" time="0.181"/>
  <testcase classname="Assignment9" name="TestCase1" time="0.414"/>
</testsuite> <!-- Assignment9 -->
