<?xml version="1.0" encoding="UTF-8"?>
<!-- Generated by org.testng.reporters.JUnitReportReporter -->
<testsuite hostname="Raki" failures="0" tests="1" name="Assigment6" time="0.195" errors="0" timestamp="2025-07-03T19:11:21 IST" skipped="0">
  <testcase classname="Assigment6" name="Testcaseone" time="0.195"/>
</testsuite> <!-- Assigment6 -->
