<?xml version="1.0" encoding="UTF-8"?>
<!-- Generated by org.testng.reporters.JUnitReportReporter -->
<testsuite hostname="Raki" failures="0" tests="2" name="Htmltabletag" time="0.743" errors="0" timestamp="2025-06-30T16:47:17 IST" skipped="0">
  <testcase classname="Htmltabletag" name="HtmlTableTag" time="0.492"/>
  <testcase classname="Htmltabletag" name="Amount" time="0.251"/>
</testsuite> <!-- Htmltabletag -->
