<?xml version="1.0" encoding="UTF-8"?>
<!-- Generated by org.testng.reporters.JUnitReportReporter -->
<testsuite hostname="Raki" failures="0" tests="4" name="Jagadeesh.AssignmentTen" time="15.429" errors="0" timestamp="2025-07-08T16:15:55 IST" skipped="0">
  <testcase classname="Jagadeesh.AssignmentTen" name="TestCaseOne" time="3.855"/>
  <testcase classname="Jagadeesh.AssignmentTen" name="TestCaseTwo" time="4.952"/>
  <testcase classname="Jagadeesh.AssignmentTen" name="TestCaseThree" time="5.272"/>
  <testcase classname="Jagadeesh.AssignmentTen" name="TestCaseFour" time="1.350"/>
</testsuite> <!-- Jagadeesh.AssignmentTen -->
