<?xml version="1.0" encoding="UTF-8"?>
<!-- Generated by org.testng.reporters.JUnitReportReporter -->
<testsuite hostname="Raki" failures="0" tests="4" name="Orghrm" time="8.988" errors="0" timestamp="2025-07-04T15:19:25 IST" skipped="0">
  <testcase classname="Orghrm" name="Testcaseone" time="2.766"/>
  <testcase classname="Orghrm" name="Testcasetwo" time="1.591"/>
  <testcase classname="Orghrm" name="Testcasethree" time="3.257"/>
  <testcase classname="Orghrm" name="TestcaseFour" time="1.374"/>
</testsuite> <!-- Orghrm -->
