<?xml version="1.0" encoding="UTF-8"?>
<!-- Generated by org.testng.reporters.JUnitReportReporter -->
<testsuite hostname="Raki" failures="0" tests="1" name="Rahulshetty" time="0.045" errors="0" timestamp="2025-07-01T15:57:21 IST" skipped="0">
  <testcase classname="Rahulshetty" name="rahulshetty" time="0.045"/>
</testsuite> <!-- Rahulshetty -->
