<?xml version="1.0" encoding="UTF-8"?>
<!-- Generated by org.testng.reporters.JUnitReportReporter -->
<testsuite hostname="Raki" failures="0" tests="2" name="FirstTest" time="4.157" errors="0" timestamp="2025-05-06T18:48:20 IST" skipped="0">
  <testcase classname="FirstTest" name="f1" time="0.916"/>
  <testcase classname="FirstTest" name="f2" time="3.241"/>
</testsuite> <!-- FirstTest -->
